20:02:34.836 [main] DEBUG com.intuit.karate.Suite - [config] classpath:karate-config.js
20:02:35.695 [main] INFO  com.intuit.karate - karate.env system property was: null 
20:02:35.943 [main] DEBUG com.intuit.karate - request:
1 > POST https://petstore.swagger.io/v2/pet
1 > Content-Type: application/json; charset=UTF-8
1 > Content-Length: 138
1 > Host: petstore.swagger.io
1 > Connection: Keep-Alive
1 > User-Agent: Apache-HttpClient/4.5.14 (Java/20)
1 > Accept-Encoding: gzip,deflate
{"id":0,"category":{"id":0,"name":"string"},"name":"doggie","photoUrls":["string"],"tags":[{"id":0,"name":"string"}],"status":"available"}

20:02:36.580 [main] DEBUG com.intuit.karate - response time in milliseconds: 635
1 < 200
1 < Date: Sat, 09 Nov 2024 01:02:36 GMT
1 < Content-Type: application/json
1 < Transfer-Encoding: chunked
1 < Connection: keep-alive
1 < Access-Control-Allow-Origin: *
1 < Access-Control-Allow-Methods: GET, POST, DELETE, PUT
1 < Access-Control-Allow-Headers: Content-Type, api_key, Authorization
1 < Server: Jetty(9.2.9.v20150224)
{"id":312323232311836,"category":{"id":0,"name":"string"},"name":"doggie","photoUrls":["string"],"tags":[{"id":0,"name":"string"}],"status":"available"}

20:02:36.590 [main] INFO  com.intuit.karate - [print] id:  312323232311836 
20:02:36.598 [main] DEBUG com.intuit.karate - request:
2 > GET https://petstore.swagger.io/v2/pet/312323232311836
2 > Host: petstore.swagger.io
2 > Connection: Keep-Alive
2 > User-Agent: Apache-HttpClient/4.5.14 (Java/20)
2 > Accept-Encoding: gzip,deflate


20:02:36.907 [main] DEBUG com.intuit.karate - response time in milliseconds: 308
2 < 200
2 < Date: Sat, 09 Nov 2024 01:02:36 GMT
2 < Content-Type: application/json
2 < Transfer-Encoding: chunked
2 < Connection: keep-alive
2 < Access-Control-Allow-Origin: *
2 < Access-Control-Allow-Methods: GET, POST, DELETE, PUT
2 < Access-Control-Allow-Headers: Content-Type, api_key, Authorization
2 < Server: Jetty(9.2.9.v20150224)
{"id":312323232311836,"category":{"id":0,"name":"string"},"name":"doggie","photoUrls":["string"],"tags":[{"id":0,"name":"string"}],"status":"available"}

